<?xml version="1.0" encoding="UTF-8"?>
<testng-results skipped="0" failed="0" ignored="0" total="1" passed="1">
  <reporter-output>
  </reporter-output>
  <suite name="Default suite" duration-ms="39709" started-at="2019-10-25T05:47:20 IST" finished-at="2019-10-25T05:48:00 IST">
    <groups>
    </groups>
    <test name="Default test" duration-ms="39709" started-at="2019-10-25T05:47:20 IST" finished-at="2019-10-25T05:48:00 IST">
      <class name="com.testsuiteexecutor.Assignment1Test">
        <test-method status="PASS" signature="setUp()[pri:0, instance:com.testsuiteexecutor.Assignment1Test@3cef309d]" name="setUp" is-config="true" duration-ms="2154" started-at="2019-10-25T05:47:20 IST" finished-at="2019-10-25T05:47:22 IST">
          <reporter-output>
          </reporter-output>
        </test-method> <!-- setUp -->
        <test-method status="PASS" signature="assignment1TestCase()[pri:0, instance:com.testsuiteexecutor.Assignment1Test@3cef309d]" name="assignment1TestCase" duration-ms="37328" started-at="2019-10-25T05:47:22 IST" finished-at="2019-10-25T05:47:59 IST">
          <reporter-output>
          </reporter-output>
        </test-method> <!-- assignment1TestCase -->
        <test-method status="PASS" signature="tearDown()[pri:0, instance:com.testsuiteexecutor.Assignment1Test@3cef309d]" name="tearDown" is-config="true" duration-ms="167" started-at="2019-10-25T05:47:59 IST" finished-at="2019-10-25T05:48:00 IST">
          <reporter-output>
          </reporter-output>
        </test-method> <!-- tearDown -->
      </class> <!-- com.testsuiteexecutor.Assignment1Test -->
    </test> <!-- Default test -->
  </suite> <!-- Default suite -->
</testng-results>
