<?xml version="1.0" encoding="UTF-8"?>
<!-- Generated by org.testng.reporters.JUnitXMLReporter -->
<testsuite hostname="Amruths-Air-e3fa" ignored="0" name="Command line test" tests="2" failures="0" timestamp="2019-10-25T05:41:49 IST" time="91.462" errors="0">
  <testcase name="assignment1TestCase" time="38.456" classname="com.testsuiteexecutor.Assignment1Test"/>
  <testcase name="assignment2TestCase" time="47.131" classname="com.testsuiteexecutor.Assignment2Test"/>
</testsuite> <!-- Command line test -->
